108820008_HW13/108820008_HW13-2/108820008_HW13-2/app/build/intermediates/manifest_merge_blame_file/debug/manifest-merger-blame-debug-report.txt
1<?xml version="1.0" encoding="utf-8"?>
2<!--
3  ~ Copyright (C) 2018 Google Inc.
4  ~
5  ~ Licensed under the Apache License, Version 2.0 (the "License");
6  ~ you may not use this file except in compliance with the License.
7  ~ You may obtain a copy of the License at
8  ~
9  ~     http://www.apache.org/licenses/LICENSE-2.0
10  ~
11  ~ Unless required by applicable law or agreed to in writing, software
12  ~ distributed under the License is distributed on an "AS IS" BASIS,
13  ~ WITHOUT WARRANTIES OR CONDITIONS OF ANY KIND, either express or implied.
14  ~ See the License for the specific language governing permissions and
15  ~ limitations under the License.
16-->
17<manifest xmlns:android="http://schemas.android.com/apk/res/android"
18    package="com.example.android.droidcafeinput"
19    android:versionCode="1"
20    android:versionName="1.0" >
21
22    <uses-sdk
23        android:minSdkVersion="15"
23-->src/main/AndroidManifest.xml
24        android:targetSdkVersion="26" />
24-->src/main/AndroidManifest.xml
25
26    <application
26-->src/main/AndroidManifest.xml:20:5-53:19
27        android:allowBackup="true"
27-->src/main/AndroidManifest.xml:21:9-35
28        android:debuggable="true"
29        android:icon="@mipmap/ic_launcher"
29-->src/main/AndroidManifest.xml:22:9-43
30        android:label="@string/app_name"
30-->src/main/AndroidManifest.xml:23:9-41
31        android:roundIcon="@mipmap/ic_launcher_round"
31-->src/main/AndroidManifest.xml:24:9-54
32        android:supportsRtl="true"
32-->src/main/AndroidManifest.xml:25:9-35
33        android:theme="@style/AppTheme" >
33-->src/main/AndroidManifest.xml:26:9-40
34        <activity
34-->src/main/AndroidManifest.xml:27:9-36:20
35            android:name="com.example.android.droidcafeinput.MainActivity"
35-->src/main/AndroidManifest.xml:28:13-41
36            android:label="@string/app_name"
36-->src/main/AndroidManifest.xml:29:13-45
37            android:theme="@style/AppTheme.NoActionBar" >
37-->src/main/AndroidManifest.xml:30:13-56
38            <intent-filter>
38-->src/main/AndroidManifest.xml:31:13-35:29
39                <action android:name="android.intent.action.MAIN" />
39-->src/main/AndroidManifest.xml:32:17-69
39-->src/main/AndroidManifest.xml:32:25-66
40
41                <category android:name="android.intent.category.LAUNCHER" />
41-->src/main/AndroidManifest.xml:34:17-77
41-->src/main/AndroidManifest.xml:34:27-74
42            </intent-filter>
43        </activity>
44        <activity
44-->src/main/AndroidManifest.xml:37:9-44:20
45            android:name="com.example.android.droidcafeinput.OrderActivity"
45-->src/main/AndroidManifest.xml:38:13-42
46            android:label="@string/title_activity_order"
46-->src/main/AndroidManifest.xml:39:13-57
47            android:parentActivityName="com.example.android.droidcafeinput.MainActivity" >
47-->src/main/AndroidManifest.xml:40:13-55
48            <meta-data
48-->src/main/AndroidManifest.xml:41:13-43:49
49                android:name="android.support.PARENT_ACTIVITY"
49-->src/main/AndroidManifest.xml:42:17-63
50                android:value=".MainActivity" />
50-->src/main/AndroidManifest.xml:43:17-46
51        </activity>
52        <activity
52-->src/main/AndroidManifest.xml:45:9-52:20
53            android:name="com.example.android.droidcafeinput.SettingsActivity"
53-->src/main/AndroidManifest.xml:46:13-45
54            android:label="@string/title_activity_settings"
54-->src/main/AndroidManifest.xml:47:13-60
55            android:parentActivityName="com.example.android.droidcafeinput.MainActivity" >
55-->src/main/AndroidManifest.xml:48:13-55
56            <meta-data
56-->src/main/AndroidManifest.xml:41:13-43:49
57                android:name="android.support.PARENT_ACTIVITY"
57-->src/main/AndroidManifest.xml:42:17-63
58                android:value=".MainActivity" />
58-->src/main/AndroidManifest.xml:43:17-46
59        </activity>
60
61        <meta-data
61-->[com.android.support:design:26.1.0] AndroidManifest.xml:26:9-28:38
62            android:name="android.support.VERSION"
62-->[com.android.support:design:26.1.0] AndroidManifest.xml:27:13-51
63            android:value="26.1.0" />
63-->[com.android.support:design:26.1.0] AndroidManifest.xml:28:13-35
64        <meta-data
64-->[android.arch.lifecycle:runtime:1.0.0] AndroidManifest.xml:25:9-27:47
65            android:name="android.arch.lifecycle.VERSION"
65-->[android.arch.lifecycle:runtime:1.0.0] AndroidManifest.xml:26:13-58
66            android:value="27.0.0-SNAPSHOT" />
66-->[android.arch.lifecycle:runtime:1.0.0] AndroidManifest.xml:27:13-44
67    </application>
68
69</manifest>